2025-05-30 15:23:52,922 - graphgen - INFO - Load KV full_docs with 0 data
2025-05-30 15:23:52,922 - graphgen - INFO - Load KV text_chunks with 0 data
2025-05-30 15:23:52,923 - graphgen - INFO - Load KV wiki with 0 data
2025-05-30 15:23:52,923 - graphgen - INFO - Load KV rephrase with 0 data
2025-05-30 15:23:52,923 - graphgen - INFO - Load KV qa-1748589831 with 0 data
2025-05-30 15:23:53,030 - graphgen - INFO - Graph graph cleared.
2025-05-30 15:23:53,030 - graphgen - INFO - All caches are cleared
2025-05-30 15:23:53,030 - graphgen - INFO - [New Docs] inserting 1 docs
2025-05-30 15:23:53,031 - graphgen - INFO - [New Chunks] inserting 1 chunks
2025-05-30 15:23:53,032 - graphgen - INFO - [Entity and Relation Extraction]...
2025-05-30 15:24:08,014 - graphgen - INFO - First result: ("entity"<|>"云粳26号"<|>"work"<|>"云粳26号是由云南省农业科学院粮食作物研究所于2005年育成的早熟水稻品种，具有颖尖无色、无芒、谷壳黄色、米粒大、有香味、食味品质好、高抗稻瘟病等特点，适宜在云南中海拔1500-1800m稻区种植，并于2012年被农业部列为西南稻区农业推广主导品种。")##
("entity"<|>"2005年"<|>"date"<|>"2005年是云粳26号品种的育成年份，标志着该品种正式研发完成。")##
("entity"<|>"云南省农业科学院粮食作物研究所"<|>"organization"<|>"云南省农业科学院粮食作物研究所是云粳26号的育成单位，负责该品种的研发工作。")##
("entity"<|>"云南中海拔1500-1800m稻区"<|>"location"<|>"云南中海拔1500-1800m稻区是云粳26号适宜种植的地理区域，该区域具有特定的气候和土壤条件。")##
("entity"<|>"农业部"<|>"organization"<|>"农业部是负责农业推广工作的国家级机构，云粳26号于2012年被列为该部门的农业推广主导品种。")##
("entity"<|>"西南稻区"<|>"location"<|>"西南稻区是云粳26号被列为农业推广主导品种的区域范围，包括云南等省份。")##
("entity"<|>"2012年"<|>"date"<|>"2012年是云粳26号被农业部列为西南稻区农业推广主导品种的时间点。")##
("relationship"<|>"云粳26号"<|>"云南省农业科学院粮食作物研究所"<|>"云粳26号是由云南省农业科学院粮食作物研究所于2005年育成的，该研究所负责品种的研发工作。")##
("relationship"<|>"云粳26号"<|>"2005年"<|>"云粳26号的育成年份是2005年，这标志着该品种正式研发完成并具备推广条件。")##
("relationship"<|>"云粳26号"<|>"云南中海拔1500-1800m稻区"<|>"云粳26号适宜在云南中海拔1500-1800m稻区种植，该区域的气候和土壤条件适合该品种的生长。")##
("relationship"<|>"云粳26号"<|>"农业部"<|>"云粳26号于2012年被农业部列为西南稻区农业推广主导品种，表明该品种在国家农业推广体系中具有重要地位。")##
("relationship"<|>"云粳26号"<|>"2012年"<|>"云粳26号于2012年被农业部正式列为西南稻区农业推广主导品种，这反映了该品种在当时的推广应用价值。")##
("relationship"<|>"西南稻区"<|>"云南中海拔1500-1800m稻区"<|>"西南稻区包括云南中海拔1500-1800m稻区等区域，云粳26号适宜在该区域内推广种植。")##
("content_keywords"<|>"水稻品种, 品种育成, 地域适应性, 农业推广, 品种特性, 农业科研")<|COMPLETE|>
2025-05-30 15:24:16,159 - graphgen - INFO - Inserting entities into storage...
2025-05-30 15:24:16,161 - graphgen - INFO - Inserting relationships into storage...
2025-05-30 15:24:16,161 - graphgen - INFO - [Wiki Search] is disabled
2025-05-30 15:24:16,161 - graphgen - INFO - Writing graph with 7 nodes, 6 edges
2025-05-30 15:24:16,163 - graphgen - INFO - Writing graph with 7 nodes, 6 edges
2025-05-30 15:24:16,172 - graphgen - INFO - Writing graph with 7 nodes, 6 edges
2025-05-30 15:24:16,175 - graphgen - INFO - Using max tokens strategy
2025-05-30 15:24:16,176 - graphgen - INFO - Processing batches: 6
2025-05-30 15:24:25,314 - graphgen - INFO - 2 nodes and 1 edges processed
2025-05-30 15:24:25,314 - graphgen - INFO - Pre-length: 159
2025-05-30 15:24:25,314 - graphgen - INFO - Question: 云粳26号适宜在哪个稻区进行推广种植？
2025-05-30 15:24:25,314 - graphgen - INFO - Answer: 云粳26号作为农业推广主导品种，适宜在西南稻区进行推广种植。西南稻区的范围包括云南中海拔1500-1800m稻区等区域。云南中海拔1500-1800m稻区是西南稻区的重要组成部分，该区域具有特定的气候和土壤条件，这使得云粳26号能够在该区域内良好生长并被广泛推广。因此，云粳26号在西南稻区的推广与其适宜的地理环境密不可分。
2025-05-30 15:24:28,395 - graphgen - INFO - TPM sleep 31.604368209838867
2025-05-30 15:24:29,268 - graphgen - INFO - TPM sleep 30.7313072681427
2025-05-30 15:24:30,198 - graphgen - INFO - TPM sleep 29.80163860321045
2025-05-30 15:24:33,982 - graphgen - INFO - 2 nodes and 1 edges processed
2025-05-30 15:24:33,982 - graphgen - INFO - Pre-length: 272
2025-05-30 15:24:33,982 - graphgen - INFO - Question: 云粳26号水稻品种是由哪个单位育成的？它是什么时候育成的？该品种属于什么类型？它的主要特点是什么？适宜在哪些地区种植？以及它被列为西南稻区农业推广主导品种的时间是哪一年？
2025-05-30 15:24:33,982 - graphgen - INFO - Answer: 首先，云粳26号是由云南省农业科学院粮食作物研究所于2005年育成的早熟水稻品种。该研究所作为育种单位，承担了品种的研发工作。云粳26号具有颖尖无色、无芒、谷壳黄色、米粒大、有香味、食味品质好、高抗稻瘟病等特点，因此适宜在云南中海拔1500-1800m稻区种植。由于其优良特性，该品种于2012年被农业部列为西南稻区农业推广主导品种。
2025-05-30 15:24:36,199 - graphgen - INFO - TPM sleep 23.8009033203125
2025-05-30 15:25:04,082 - graphgen - INFO - 2 nodes and 1 edges processed
2025-05-30 15:25:04,082 - graphgen - INFO - Pre-length: 237
2025-05-30 15:25:04,082 - graphgen - INFO - Question: 云粳26号水稻品种是什么时候育成的？它的育种机构是哪个？
2025-05-30 15:25:04,082 - graphgen - INFO - Answer: 首先，云粳26号是由云南省农业科学院粮食作物研究所育成的早熟水稻品种，具有颖尖无色、无芒、谷壳黄色、米粒大、有香味、食味品质好、高抗稻瘟病等特点。  
因此，其育成年份为2005年，这标志着该品种正式研发完成并具备推广条件。  
此外，该品种适宜在云南中海拔1500-1800m稻区种植，并于2012年被农业部列为西南稻区农业推广主导品种。
2025-05-30 15:25:05,074 - graphgen - INFO - 2 nodes and 1 edges processed
2025-05-30 15:25:05,075 - graphgen - INFO - Pre-length: 270
2025-05-30 15:25:05,075 - graphgen - INFO - Question: 云粳26号是什么时候由哪个机构育成的？它有哪些优良特性？适宜在哪些地区种植？以及它在2012年获得了什么重要认定？
2025-05-30 15:25:05,075 - graphgen - INFO - Answer: 首先，云粳26号是由云南省农业科学院粮食作物研究所于2005年育成的早熟水稻品种，具有颖尖无色、无芒、谷壳黄色、米粒大、有香味、食味品质好、高抗稻瘟病等特点，适宜在云南中海拔1500-1800m稻区种植。由于其优良的特性，该品种在云南稻区表现出良好的适应性和推广价值。然而，更重要的是，云粳26号于2012年被农业部正式列为西南稻区农业推广主导品种，这表明它在国家农业推广体系中占据了重要地位。因此，这一认可不仅肯定了云粳26号的品种优势，也进一步推动了其在西南稻区的推广应用。
2025-05-30 15:25:09,396 - graphgen - INFO - 2 nodes and 1 edges processed
2025-05-30 15:25:09,397 - graphgen - INFO - Pre-length: 254
2025-05-30 15:25:09,397 - graphgen - INFO - Question: **问题：**  
云粳26号是什么品种？它是由哪个机构育成的？具有哪些主要特点？适宜在哪些地区种植？以及它何时被列为西南稻区农业推广主导品种？
2025-05-30 15:25:09,397 - graphgen - INFO - Answer: 云粳26号是由云南省农业科学院粮食作物研究所于2005年育成的早熟水稻品种。该品种具有颖尖无色、无芒、谷壳黄色、米粒大、有香味、食味品质好、高抗稻瘟病等特点，适宜在云南中海拔1500-1800m稻区种植。由于其优良的综合表现，云粳26号于2012年被农业部正式列为西南稻区农业推广主导品种，这不仅肯定了其在当时的推广应用价值，也为后续的水稻生产提供了重要的品种支持。
2025-05-30 15:25:12,576 - graphgen - INFO - 2 nodes and 1 edges processed
2025-05-30 15:25:12,577 - graphgen - INFO - Pre-length: 277
2025-05-30 15:25:12,577 - graphgen - INFO - Question: 请回答以下问题：  
1. 云粳26号水稻品种是由哪个机构育成的？  
2. 它的育成时间是什么时候？  
3. 该品种的主要特性有哪些？  
4. 它适宜在哪些地区种植？  
5. 它被列为西南稻区农业推广主导品种的时间是什么时候？
2025-05-30 15:25:12,577 - graphgen - INFO - Answer: 首先，云粳26号是由云南省农业科学院粮食作物研究所于2005年育成的早熟水稻品种，它以其颖尖无色、无芒、谷壳黄色、米粒大、有香味以及食味品质好等优良特性而著称，并且具有高抗稻瘟病的能力。因此，这一品种特别适合在云南中海拔1500-1800m稻区种植，因为该区域的气候和土壤条件能够满足云粳26号的生长需求。此外，由于其出色的适应性和抗病性，云粳26号在2012年被农业部正式列为西南稻区农业推广主导品种，进一步验证了其在该区域的推广价值。
